2026-03-13 16:15:30 [main] INFO  e.jxust.agritrace.TraceabilityBackendApplication - Starting TraceabilityBackendApplication using Java 21.0.10 with PID 32596 (C:\Users\Lenovo\Desktop\traceability-system\backend\target\classes started by 神原秋人 in C:\Users\Lenovo\Desktop\traceability-system)
2026-03-13 16:15:30 [main] INFO  e.jxust.agritrace.TraceabilityBackendApplication - No active profile set, falling back to 1 default profile: "default"
2026-03-13 16:15:37 [main] WARN  o.s.b.a.s.s.UserDetailsServiceAutoConfiguration - 

Using generated security password: 4bf9e09d-8d33-4c8f-bcbc-ae08c2edca71

This generated password is for development use only. Your security configuration must be updated before running your application in production.

2026-03-13 16:15:38 [main] INFO  e.jxust.agritrace.TraceabilityBackendApplication - Started TraceabilityBackendApplication in 9.474 seconds (process running for 10.145)
2026-03-13 16:25:33 [main] INFO  e.jxust.agritrace.TraceabilityBackendApplication - Starting TraceabilityBackendApplication using Java 21.0.10 with PID 24496 (C:\Users\Lenovo\Desktop\traceability-system\backend\target\classes started by 神原秋人 in C:\Users\Lenovo\Desktop\traceability-system)
2026-03-13 16:25:33 [main] INFO  e.jxust.agritrace.TraceabilityBackendApplication - No active profile set, falling back to 1 default profile: "default"
2026-03-13 16:25:37 [main] WARN  o.s.b.a.s.s.UserDetailsServiceAutoConfiguration - 

Using generated security password: f9c7c940-8106-4cb5-bb0e-74418135ecb1

This generated password is for development use only. Your security configuration must be updated before running your application in production.

2026-03-13 16:25:38 [main] INFO  e.jxust.agritrace.TraceabilityBackendApplication - Started TraceabilityBackendApplication in 6.636 seconds (process running for 7.08)
2026-03-13 16:29:00 [http-nio-8080-exec-1] INFO  org.springdoc.api.AbstractOpenApiResource - Init duration for springdoc-openapi is: 1334 ms
2026-03-13 18:17:34 [main] INFO  e.jxust.agritrace.TraceabilityBackendApplication - Starting TraceabilityBackendApplication using Java 21.0.10 with PID 30056 (C:\Users\Lenovo\Desktop\traceability-system\backend\target\classes started by 神原秋人 in C:\Users\Lenovo\Desktop\traceability-system)
2026-03-13 18:17:34 [main] INFO  e.jxust.agritrace.TraceabilityBackendApplication - No active profile set, falling back to 1 default profile: "default"
2026-03-13 18:17:40 [main] WARN  o.s.b.a.s.s.UserDetailsServiceAutoConfiguration - 

Using generated security password: 2b52601c-7c91-4477-b98c-fdfa76cffdca

This generated password is for development use only. Your security configuration must be updated before running your application in production.

2026-03-13 18:17:41 [main] WARN  o.s.b.w.s.c.AnnotationConfigServletWebServerApplicationContext - Exception encountered during context initialization - cancelling refresh attempt: org.springframework.context.ApplicationContextException: Failed to start bean 'webServerStartStop'
2026-03-13 18:17:41 [main] ERROR o.s.b.diagnostics.LoggingFailureAnalysisReporter - 

***************************
APPLICATION FAILED TO START
***************************

Description:

Web server failed to start. Port 8080 was already in use.

Action:

Identify and stop the process that's listening on port 8080 or configure this application to listen on another port.

