0 verbose cli D:\Program Files\nodejs\node.exe D:\Program Files\nodejs\node_global\node_modules\npm\bin\npm-cli.js
1 info using npm@11.2.0
2 info using node@v22.14.0
3 silly config load:file:D:\Program Files\nodejs\node_global\node_modules\npm\npmrc
4 silly config load:file:C:\Users\Lenovo\Desktop\traceability-system\.npmrc
5 silly config load:file:C:\Users\Lenovo\.npmrc
6 silly config load:file:D:\Program Files\nodejs\node_global\etc\npmrc
7 verbose title npm exec @playwright/cli kill-all
8 verbose argv "exec" "--yes" "--" "@playwright/cli" "kill-all"
9 verbose logfile logs-max:10 dir:C:\Users\Lenovo\Desktop\traceability-system\output\npm-cache\_logs\2026-03-14T06_31_59_890Z-
10 verbose logfile C:\Users\Lenovo\Desktop\traceability-system\output\npm-cache\_logs\2026-03-14T06_31_59_890Z-debug-0.log
11 silly logfile done cleaning log files
12 silly packumentCache heap:4345298944 maxSize:1086324736 maxEntrySize:543162368
13 http fetch GET 200 https://registry.npmmirror.com/@playwright%2fcli 462ms (cache miss)
14 silly packumentCache heap:4345298944 maxSize:1086324736 maxEntrySize:543162368
15 http fetch GET 200 https://registry.npmmirror.com/npm 647ms
16 silly packumentCache heap:4345298944 maxSize:1086324736 maxEntrySize:543162368
17 silly idealTree buildDeps
18 silly fetch manifest @playwright/cli@0.1.1
19 silly packumentCache full:https://registry.npm.taobao.org/@playwright%2fcli cache-miss
20 http fetch GET 200 https://registry.npmmirror.com/@playwright%2fcli 282ms (cache miss)
21 silly packumentCache full:https://registry.npm.taobao.org/@playwright%2fcli set size:12186 disposed:false
22 silly placeDep ROOT @playwright/cli@0.1.1 OK for:  want: 0.1.1
23 silly fetch manifest minimist@^1.2.5
24 silly packumentCache full:https://registry.npm.taobao.org/minimist cache-miss
25 silly fetch manifest playwright@1.59.0-alpha-1771104257000
26 silly packumentCache full:https://registry.npm.taobao.org/playwright cache-miss
27 http fetch GET 200 https://registry.npmmirror.com/minimist 108ms (cache miss)
28 silly packumentCache full:https://registry.npm.taobao.org/minimist set size:15089 disposed:false
29 http fetch GET 200 https://registry.npmmirror.com/playwright 1617ms (cache miss)
30 silly packumentCache full:https://registry.npm.taobao.org/playwright set size:2193797 disposed:false
31 silly placeDep ROOT minimist@1.2.8 OK for: @playwright/cli@0.1.1 want: ^1.2.5
32 silly placeDep ROOT playwright@1.59.0-alpha-1771104257000 OK for: @playwright/cli@0.1.1 want: 1.59.0-alpha-1771104257000
33 silly fetch manifest playwright-core@1.59.0-alpha-1771104257000
34 silly packumentCache full:https://registry.npm.taobao.org/playwright-core cache-miss
35 silly fetch manifest fsevents@2.3.2
36 silly packumentCache full:https://registry.npm.taobao.org/fsevents cache-miss
37 http fetch GET 200 https://registry.npmmirror.com/fsevents 127ms (cache miss)
38 silly packumentCache full:https://registry.npm.taobao.org/fsevents set size:16344 disposed:false
39 http fetch GET 200 https://registry.npmmirror.com/playwright-core 1038ms (cache miss)
40 silly packumentCache full:https://registry.npm.taobao.org/playwright-core set size:2244726 disposed:false
41 silly placeDep ROOT fsevents@2.3.2 OK for: playwright@1.59.0-alpha-1771104257000 want: 2.3.2
42 silly placeDep ROOT playwright-core@1.59.0-alpha-1771104257000 OK for: playwright@1.59.0-alpha-1771104257000 want: 1.59.0-alpha-1771104257000
43 silly reify moves {}
44 silly audit bulk request {
44 silly audit   '@playwright/cli': [ '0.1.1' ],
44 silly audit   minimist: [ '1.2.8' ],
44 silly audit   playwright: [ '1.59.0-alpha-1771104257000' ],
44 silly audit   fsevents: [ '2.3.2' ],
44 silly audit   'playwright-core': [ '1.59.0-alpha-1771104257000' ]
44 silly audit }
45 verbose reify failed optional dependency C:\Users\Lenovo\Desktop\traceability-system\output\npm-cache\_npx\31e32ef8478fbf80\node_modules\fsevents
46 silly reify mark deleted [
46 silly reify   'C:\\Users\\Lenovo\\Desktop\\traceability-system\\output\\npm-cache\\_npx\\31e32ef8478fbf80\\node_modules\\fsevents'
46 silly reify ]
47 http cache @playwright/cli@https://registry.npmmirror.com/@playwright/cli/-/cli-0.1.1.tgz 0ms (cache hit)
48 http cache playwright-core@https://registry.npmmirror.com/playwright-core/-/playwright-core-1.59.0-alpha-1771104257000.tgz 0ms (cache hit)
49 http cache playwright@https://registry.npmmirror.com/playwright/-/playwright-1.59.0-alpha-1771104257000.tgz 0ms (cache hit)
50 silly tarball no local data for @playwright/cli@https://registry.npmmirror.com/@playwright/cli/-/cli-0.1.1.tgz. Extracting by manifest.
51 silly tarball no local data for playwright-core@https://registry.npmmirror.com/playwright-core/-/playwright-core-1.59.0-alpha-1771104257000.tgz. Extracting by manifest.
52 http cache minimist@https://registry.npmmirror.com/minimist/-/minimist-1.2.8.tgz 0ms (cache hit)
53 silly tarball no local data for playwright@https://registry.npmmirror.com/playwright/-/playwright-1.59.0-alpha-1771104257000.tgz. Extracting by manifest.
54 silly tarball no local data for minimist@https://registry.npmmirror.com/minimist/-/minimist-1.2.8.tgz. Extracting by manifest.
55 http fetch POST 404 https://registry.npmmirror.com/-/npm/v1/security/advisories/bulk 227ms (cache skip)
56 verbose audit error HttpErrorGeneral: 404 Not Found - POST https://registry.npmmirror.com/-/npm/v1/security/advisories/bulk - [NOT_IMPLEMENTED] /-/npm/v1/security/* not implemented yet
56 verbose audit error     at D:\Program Files\nodejs\node_global\node_modules\npm\node_modules\npm-registry-fetch\lib\check-response.js:103:15
56 verbose audit error     at process.processTicksAndRejections (node:internal/process/task_queues:105:5)
56 verbose audit error     at async [getReport] (D:\Program Files\nodejs\node_global\node_modules\npm\node_modules\@npmcli\arborist\lib\audit-report.js:294:19)
56 verbose audit error     at async AuditReport.run (D:\Program Files\nodejs\node_global\node_modules\npm\node_modules\@npmcli\arborist\lib\audit-report.js:106:19) {
56 verbose audit error   headers: [Object: null prototype] {
56 verbose audit error     server: [ 'Tengine' ],
56 verbose audit error     date: [ 'Sat, 14 Mar 2026 06:32:06 GMT' ],
56 verbose audit error     'content-type': [ 'application/json' ],
56 verbose audit error     'transfer-encoding': [ 'chunked' ],
56 verbose audit error     connection: [ 'keep-alive' ],
56 verbose audit error     'strict-transport-security': [ 'max-age=5184000' ],
56 verbose audit error     via: [ 'kunlun7.cn9062[,404666]' ],
56 verbose audit error     'timing-allow-origin': [ '*' ],
56 verbose audit error     eagleid: [ '7ce1c31b17734699262045190e' ],
56 verbose audit error     'x-fetch-attempts': [ '1' ],
56 verbose audit error     'x-local-cache-status': [ 'skip' ]
56 verbose audit error   },
56 verbose audit error   statusCode: 404,
56 verbose audit error   code: 'E404',
56 verbose audit error   method: 'POST',
56 verbose audit error   uri: 'https://registry.npmmirror.com/-/npm/v1/security/advisories/bulk',
56 verbose audit error   body: {
56 verbose audit error     error: '[NOT_IMPLEMENTED] /-/npm/v1/security/* not implemented yet'
56 verbose audit error   },
56 verbose audit error   pkgid: undefined
56 verbose audit error }
57 silly audit error [object Object]
58 silly audit report null
59 http fetch GET 200 https://cdn.npmmirror.com/packages/%40playwright/cli/0.1.1/cli-0.1.1.tgz 361ms (cache miss)
60 http fetch GET 200 https://cdn.npmmirror.com/packages/minimist/1.2.8/minimist-1.2.8.tgz 414ms (cache miss)
61 http fetch GET 200 https://cdn.npmmirror.com/packages/playwright/1.59.0-alpha-1771104257000/playwright-1.59.0-alpha-1771104257000.tgz 1042ms (cache miss)
62 http fetch GET 200 https://cdn.npmmirror.com/packages/playwright-core/1.59.0-alpha-1771104257000/playwright-core-1.59.0-alpha-1771104257000.tgz 1801ms (cache miss)
63 verbose cwd C:\Users\Lenovo\Desktop\traceability-system
64 verbose os Windows_NT 10.0.26200
65 verbose node v22.14.0
66 verbose npm  v11.2.0
67 notice
67 notice New minor version of npm available! 11.2.0 -> 11.11.1
67 notice Changelog: https://github.com/npm/cli/releases/tag/v11.11.1
67 notice To update run: npm install -g npm@11.11.1
67 notice  { force: true, [Symbol(proc-log.meta)]: true }
68 verbose exit 0
69 info ok
