[     167ms] [WARNING] [Vue Router warn]: The `next()` callback in navigation guards is deprecated. Return the value instead of calling `next(value)`. @ http://127.0.0.1:5174/node_modules/.vite/deps/vue-router.js?v=cb8cf32c:3806
[  734986ms] [WARNING] [Vue warn]: Property "summaryBatchCode" was accessed during render but is not defined on instance. 
  at <ElCard class="overview-card" shadow="hover" > 
  at <BatchDetailView onVnodeUnmounted=fn<onVnodeUnmounted> ref=Ref< Proxy(Object) > > 
  at <RouterView> 
  at <AdminLayout onVnodeUnmounted=fn<onVnodeUnmounted> ref=Ref< Proxy(Object) > > 
  at <RouterView> 
  at <App> @ http://127.0.0.1:5174/node_modules/.vite/deps/vue.runtime.esm-bundler-LIjBEkZB.js?v=cb8cf32c:1726
[  734987ms] [WARNING] [Vue warn]: Property "summaryProductName" was accessed during render but is not defined on instance. 
  at <ElCard class="overview-card" shadow="hover" > 
  at <BatchDetailView onVnodeUnmounted=fn<onVnodeUnmounted> ref=Ref< Proxy(Object) > > 
  at <RouterView> 
  at <AdminLayout onVnodeUnmounted=fn<onVnodeUnmounted> ref=Ref< Proxy(Object) > > 
  at <RouterView> 
  at <App> @ http://127.0.0.1:5174/node_modules/.vite/deps/vue.runtime.esm-bundler-LIjBEkZB.js?v=cb8cf32c:1726
[  734987ms] [WARNING] [Vue warn]: Property "summaryCompanyName" was accessed during render but is not defined on instance. 
  at <ElCard class="overview-card" shadow="hover" > 
  at <BatchDetailView onVnodeUnmounted=fn<onVnodeUnmounted> ref=Ref< Proxy(Object) > > 
  at <RouterView> 
  at <AdminLayout onVnodeUnmounted=fn<onVnodeUnmounted> ref=Ref< Proxy(Object) > > 
  at <RouterView> 
  at <App> @ http://127.0.0.1:5174/node_modules/.vite/deps/vue.runtime.esm-bundler-LIjBEkZB.js?v=cb8cf32c:1726
[  734988ms] [WARNING] [Vue warn]: Property "summaryCreatedAt" was accessed during render but is not defined on instance. 
  at <ElCard class="overview-card" shadow="hover" > 
  at <BatchDetailView onVnodeUnmounted=fn<onVnodeUnmounted> ref=Ref< Proxy(Object) > > 
  at <RouterView> 
  at <AdminLayout onVnodeUnmounted=fn<onVnodeUnmounted> ref=Ref< Proxy(Object) > > 
  at <RouterView> 
  at <App> @ http://127.0.0.1:5174/node_modules/.vite/deps/vue.runtime.esm-bundler-LIjBEkZB.js?v=cb8cf32c:1726
[  734988ms] [WARNING] [Vue warn]: Property "summaryStartDate" was accessed during render but is not defined on instance. 
  at <ElCard class="overview-card" shadow="hover" > 
  at <BatchDetailView onVnodeUnmounted=fn<onVnodeUnmounted> ref=Ref< Proxy(Object) > > 
  at <RouterView> 
  at <AdminLayout onVnodeUnmounted=fn<onVnodeUnmounted> ref=Ref< Proxy(Object) > > 
  at <RouterView> 
  at <App> @ http://127.0.0.1:5174/node_modules/.vite/deps/vue.runtime.esm-bundler-LIjBEkZB.js?v=cb8cf32c:1726
[  734995ms] [WARNING] [Vue warn]: Property "summaryBatchCode" was accessed during render but is not defined on instance. 
  at <ElOnlyChild key=0 class="el-tooltip__trigger" aria-controls=undefined  ... > 
  at <ElPopperTrigger id="el-id-7478-11" virtual-ref=undefined open=false  ... > 
  at <ElTooltipTrigger disabled=false trigger="hover" trigger-keys= [Enter, NumpadEnter, Space]  ... > 
  at <ElPopper ref_key="popperRef" ref=Ref< undefined > role="tooltip" > 
  at <ElTooltip content=undefined placement="top" > 
  at <ElCard class="overview-card" shadow="hover" > 
  at <BatchDetailView onVnodeUnmounted=fn<onVnodeUnmounted> ref=Ref< Proxy(Object) > > 
  at <RouterView> 
  at <AdminLayout onVnodeUnmounted=fn<onVnodeUnmounted> ref=Ref< Proxy(Object) > > 
  at <RouterView> 
  at <App> @ http://127.0.0.1:5174/node_modules/.vite/deps/vue.runtime.esm-bundler-LIjBEkZB.js?v=cb8cf32c:1726
[  734999ms] [WARNING] [Vue warn]: Property "summaryProductName" was accessed during render but is not defined on instance. 
  at <ElOnlyChild key=0 class="el-tooltip__trigger" aria-controls=undefined  ... > 
  at <ElPopperTrigger id="el-id-7478-12" virtual-ref=undefined open=false  ... > 
  at <ElTooltipTrigger disabled=false trigger="hover" trigger-keys= [Enter, NumpadEnter, Space]  ... > 
  at <ElPopper ref_key="popperRef" ref=Ref< undefined > role="tooltip" > 
  at <ElTooltip content=undefined placement="top" > 
  at <ElCard class="overview-card" shadow="hover" > 
  at <BatchDetailView onVnodeUnmounted=fn<onVnodeUnmounted> ref=Ref< Proxy(Object) > > 
  at <RouterView> 
  at <AdminLayout onVnodeUnmounted=fn<onVnodeUnmounted> ref=Ref< Proxy(Object) > > 
  at <RouterView> 
  at <App> @ http://127.0.0.1:5174/node_modules/.vite/deps/vue.runtime.esm-bundler-LIjBEkZB.js?v=cb8cf32c:1726
[  735002ms] [WARNING] [Vue warn]: Property "summaryCompanyName" was accessed during render but is not defined on instance. 
  at <ElOnlyChild key=0 class="el-tooltip__trigger" aria-controls=undefined  ... > 
  at <ElPopperTrigger id="el-id-7478-13" virtual-ref=undefined open=false  ... > 
  at <ElTooltipTrigger disabled=false trigger="hover" trigger-keys= [Enter, NumpadEnter, Space]  ... > 
  at <ElPopper ref_key="popperRef" ref=Ref< undefined > role="tooltip" > 
  at <ElTooltip content=undefined placement="top" > 
  at <ElCard class="overview-card" shadow="hover" > 
  at <BatchDetailView onVnodeUnmounted=fn<onVnodeUnmounted> ref=Ref< Proxy(Object) > > 
  at <RouterView> 
  at <AdminLayout onVnodeUnmounted=fn<onVnodeUnmounted> ref=Ref< Proxy(Object) > > 
  at <RouterView> 
  at <App> @ http://127.0.0.1:5174/node_modules/.vite/deps/vue.runtime.esm-bundler-LIjBEkZB.js?v=cb8cf32c:1726
[  860728ms] [ERROR] Failed to load resource: the server responded with a status of 500 (Internal Server Error) @ http://127.0.0.1:5174/src/pages/BatchDetail/BatchDetailView.vue?t=1773474495637:0
[  860729ms] [ERROR] [vite] Failed to reload /src/pages/BatchDetail/BatchDetailView.vue. This could be due to syntax errors or importing non-existent modules. (see errors above) @ http://127.0.0.1:5174/@vite/client:807
[  896965ms] [ERROR] Failed to load resource: the server responded with a status of 500 (Internal Server Error) @ http://127.0.0.1:5174/src/pages/BatchDetail/BatchDetailView.vue?t=1773474531883:0
[  896966ms] [ERROR] [vite] Failed to reload /src/pages/BatchDetail/BatchDetailView.vue. This could be due to syntax errors or importing non-existent modules. (see errors above) @ http://127.0.0.1:5174/@vite/client:807
[  901637ms] [ERROR] Failed to load resource: the server responded with a status of 500 (Internal Server Error) @ http://127.0.0.1:5174/src/pages/BatchDetail/BatchDetailView.vue?t=1773474536566:0
[  901637ms] [ERROR] [vite] Failed to reload /src/pages/BatchDetail/BatchDetailView.vue. This could be due to syntax errors or importing non-existent modules. (see errors above) @ http://127.0.0.1:5174/@vite/client:807
[  916149ms] [ERROR] Failed to load resource: the server responded with a status of 500 (Internal Server Error) @ http://127.0.0.1:5174/src/pages/BatchDetail/BatchDetailView.vue?t=1773474551052&vue&type=style&index=0&scoped=e1f2a151&lang.css:0
[  916150ms] [ERROR] [vite] Failed to reload /src/pages/BatchDetail/BatchDetailView.vue?vue&type=style&index=0&scoped=e1f2a151&lang.css. This could be due to syntax errors or importing non-existent modules. (see errors above) @ http://127.0.0.1:5174/@vite/client:807
[ 1273499ms] [WARNING] [Vue warn]: Property "summaryBatchCode" was accessed during render but is not defined on instance. 
  at <ElCard class="overview-card" shadow="hover" > 
  at <BatchDetailView onVnodeUnmounted=fn<onVnodeUnmounted> ref=Ref< Proxy(Object) > > 
  at <RouterView> 
  at <AdminLayout onVnodeUnmounted=fn<onVnodeUnmounted> ref=Ref< Proxy(Object) > > 
  at <RouterView> 
  at <App> @ http://127.0.0.1:5174/node_modules/.vite/deps/vue.runtime.esm-bundler-LIjBEkZB.js?v=cb8cf32c:1726
[ 1273499ms] [WARNING] [Vue warn]: Property "summaryProductName" was accessed during render but is not defined on instance. 
  at <ElCard class="overview-card" shadow="hover" > 
  at <BatchDetailView onVnodeUnmounted=fn<onVnodeUnmounted> ref=Ref< Proxy(Object) > > 
  at <RouterView> 
  at <AdminLayout onVnodeUnmounted=fn<onVnodeUnmounted> ref=Ref< Proxy(Object) > > 
  at <RouterView> 
  at <App> @ http://127.0.0.1:5174/node_modules/.vite/deps/vue.runtime.esm-bundler-LIjBEkZB.js?v=cb8cf32c:1726
[ 1273500ms] [WARNING] [Vue warn]: Property "summaryCompanyName" was accessed during render but is not defined on instance. 
  at <ElCard class="overview-card" shadow="hover" > 
  at <BatchDetailView onVnodeUnmounted=fn<onVnodeUnmounted> ref=Ref< Proxy(Object) > > 
  at <RouterView> 
  at <AdminLayout onVnodeUnmounted=fn<onVnodeUnmounted> ref=Ref< Proxy(Object) > > 
  at <RouterView> 
  at <App> @ http://127.0.0.1:5174/node_modules/.vite/deps/vue.runtime.esm-bundler-LIjBEkZB.js?v=cb8cf32c:1726
[ 1273500ms] [WARNING] [Vue warn]: Property "summaryStartDate" was accessed during render but is not defined on instance. 
  at <ElCard class="overview-card" shadow="hover" > 
  at <BatchDetailView onVnodeUnmounted=fn<onVnodeUnmounted> ref=Ref< Proxy(Object) > > 
  at <RouterView> 
  at <AdminLayout onVnodeUnmounted=fn<onVnodeUnmounted> ref=Ref< Proxy(Object) > > 
  at <RouterView> 
  at <App> @ http://127.0.0.1:5174/node_modules/.vite/deps/vue.runtime.esm-bundler-LIjBEkZB.js?v=cb8cf32c:1726
[ 1273500ms] [WARNING] [Vue warn]: Property "summaryCreatedAt" was accessed during render but is not defined on instance. 
  at <ElCard class="overview-card" shadow="hover" > 
  at <BatchDetailView onVnodeUnmounted=fn<onVnodeUnmounted> ref=Ref< Proxy(Object) > > 
  at <RouterView> 
  at <AdminLayout onVnodeUnmounted=fn<onVnodeUnmounted> ref=Ref< Proxy(Object) > > 
  at <RouterView> 
  at <App> @ http://127.0.0.1:5174/node_modules/.vite/deps/vue.runtime.esm-bundler-LIjBEkZB.js?v=cb8cf32c:1726
[ 1273503ms] [WARNING] [Vue warn]: Property "summaryBatchCode" was accessed during render but is not defined on instance. 
  at <ElOnlyChild key=0 class="el-tooltip__trigger" aria-controls=undefined  ... > 
  at <ElPopperTrigger id="el-id-7478-24" virtual-ref=undefined open=false  ... > 
  at <ElTooltipTrigger disabled=false trigger="hover" trigger-keys= [Enter, NumpadEnter, Space]  ... > 
  at <ElPopper ref_key="popperRef" ref=Ref< undefined > role="tooltip" > 
  at <ElTooltip content=undefined placement="top" > 
  at <ElCard class="overview-card" shadow="hover" > 
  at <BatchDetailView onVnodeUnmounted=fn<onVnodeUnmounted> ref=Ref< Proxy(Object) > > 
  at <RouterView> 
  at <AdminLayout onVnodeUnmounted=fn<onVnodeUnmounted> ref=Ref< Proxy(Object) > > 
  at <RouterView> 
  at <App> @ http://127.0.0.1:5174/node_modules/.vite/deps/vue.runtime.esm-bundler-LIjBEkZB.js?v=cb8cf32c:1726
[ 1273504ms] [WARNING] [Vue warn]: Property "summaryProductName" was accessed during render but is not defined on instance. 
  at <ElOnlyChild key=0 class="el-tooltip__trigger" aria-controls=undefined  ... > 
  at <ElPopperTrigger id="el-id-7478-25" virtual-ref=undefined open=false  ... > 
  at <ElTooltipTrigger disabled=false trigger="hover" trigger-keys= [Enter, NumpadEnter, Space]  ... > 
  at <ElPopper ref_key="popperRef" ref=Ref< undefined > role="tooltip" > 
  at <ElTooltip content=undefined placement="top" > 
  at <ElCard class="overview-card" shadow="hover" > 
  at <BatchDetailView onVnodeUnmounted=fn<onVnodeUnmounted> ref=Ref< Proxy(Object) > > 
  at <RouterView> 
  at <AdminLayout onVnodeUnmounted=fn<onVnodeUnmounted> ref=Ref< Proxy(Object) > > 
  at <RouterView> 
  at <App> @ http://127.0.0.1:5174/node_modules/.vite/deps/vue.runtime.esm-bundler-LIjBEkZB.js?v=cb8cf32c:1726
[ 1273507ms] [WARNING] [Vue warn]: Property "summaryCompanyName" was accessed during render but is not defined on instance. 
  at <ElOnlyChild key=0 class="el-tooltip__trigger" aria-controls=undefined  ... > 
  at <ElPopperTrigger id="el-id-7478-26" virtual-ref=undefined open=false  ... > 
  at <ElTooltipTrigger disabled=false trigger="hover" trigger-keys= [Enter, NumpadEnter, Space]  ... > 
  at <ElPopper ref_key="popperRef" ref=Ref< undefined > role="tooltip" > 
  at <ElTooltip content=undefined placement="top" > 
  at <ElCard class="overview-card" shadow="hover" > 
  at <BatchDetailView onVnodeUnmounted=fn<onVnodeUnmounted> ref=Ref< Proxy(Object) > > 
  at <RouterView> 
  at <AdminLayout onVnodeUnmounted=fn<onVnodeUnmounted> ref=Ref< Proxy(Object) > > 
  at <RouterView> 
  at <App> @ http://127.0.0.1:5174/node_modules/.vite/deps/vue.runtime.esm-bundler-LIjBEkZB.js?v=cb8cf32c:1726
[ 1278601ms] [WARNING] [Vue warn]: Property "summaryBatchCode" was accessed during render but is not defined on instance. 
  at <ElCard class="overview-card" shadow="hover" > 
  at <BatchDetailView onVnodeUnmounted=fn<onVnodeUnmounted> ref=Ref< Proxy(Object) > > 
  at <RouterView> 
  at <AdminLayout onVnodeUnmounted=fn<onVnodeUnmounted> ref=Ref< Proxy(Object) > > 
  at <RouterView> 
  at <App> @ http://127.0.0.1:5174/node_modules/.vite/deps/vue.runtime.esm-bundler-LIjBEkZB.js?v=cb8cf32c:1726
[ 1278601ms] [WARNING] [Vue warn]: Property "summaryProductName" was accessed during render but is not defined on instance. 
  at <ElCard class="overview-card" shadow="hover" > 
  at <BatchDetailView onVnodeUnmounted=fn<onVnodeUnmounted> ref=Ref< Proxy(Object) > > 
  at <RouterView> 
  at <AdminLayout onVnodeUnmounted=fn<onVnodeUnmounted> ref=Ref< Proxy(Object) > > 
  at <RouterView> 
  at <App> @ http://127.0.0.1:5174/node_modules/.vite/deps/vue.runtime.esm-bundler-LIjBEkZB.js?v=cb8cf32c:1726
[ 1278602ms] [WARNING] [Vue warn]: Property "summaryCompanyName" was accessed during render but is not defined on instance. 
  at <ElCard class="overview-card" shadow="hover" > 
  at <BatchDetailView onVnodeUnmounted=fn<onVnodeUnmounted> ref=Ref< Proxy(Object) > > 
  at <RouterView> 
  at <AdminLayout onVnodeUnmounted=fn<onVnodeUnmounted> ref=Ref< Proxy(Object) > > 
  at <RouterView> 
  at <App> @ http://127.0.0.1:5174/node_modules/.vite/deps/vue.runtime.esm-bundler-LIjBEkZB.js?v=cb8cf32c:1726
[ 1278602ms] [WARNING] [Vue warn]: Property "summaryStartDate" was accessed during render but is not defined on instance. 
  at <ElCard class="overview-card" shadow="hover" > 
  at <BatchDetailView onVnodeUnmounted=fn<onVnodeUnmounted> ref=Ref< Proxy(Object) > > 
  at <RouterView> 
  at <AdminLayout onVnodeUnmounted=fn<onVnodeUnmounted> ref=Ref< Proxy(Object) > > 
  at <RouterView> 
  at <App> @ http://127.0.0.1:5174/node_modules/.vite/deps/vue.runtime.esm-bundler-LIjBEkZB.js?v=cb8cf32c:1726
[ 1278602ms] [WARNING] [Vue warn]: Property "summaryCreatedAt" was accessed during render but is not defined on instance. 
  at <ElCard class="overview-card" shadow="hover" > 
  at <BatchDetailView onVnodeUnmounted=fn<onVnodeUnmounted> ref=Ref< Proxy(Object) > > 
  at <RouterView> 
  at <AdminLayout onVnodeUnmounted=fn<onVnodeUnmounted> ref=Ref< Proxy(Object) > > 
  at <RouterView> 
  at <App> @ http://127.0.0.1:5174/node_modules/.vite/deps/vue.runtime.esm-bundler-LIjBEkZB.js?v=cb8cf32c:1726
[ 1278604ms] [WARNING] [Vue warn]: Property "summaryBatchCode" was accessed during render but is not defined on instance. 
  at <ElOnlyChild key=0 class="el-tooltip__trigger" aria-controls=undefined  ... > 
  at <ElPopperTrigger id="el-id-7478-24" virtual-ref=undefined open=false  ... > 
  at <ElTooltipTrigger disabled=false trigger="hover" trigger-keys= [Enter, NumpadEnter, Space]  ... > 
  at <ElPopper ref_key="popperRef" ref=Ref< Proxy(Object) > role="tooltip" > 
  at <ElTooltip content=undefined placement="top" > 
  at <ElCard class="overview-card" shadow="hover" > 
  at <BatchDetailView onVnodeUnmounted=fn<onVnodeUnmounted> ref=Ref< Proxy(Object) > > 
  at <RouterView> 
  at <AdminLayout onVnodeUnmounted=fn<onVnodeUnmounted> ref=Ref< Proxy(Object) > > 
  at <RouterView> 
  at <App> @ http://127.0.0.1:5174/node_modules/.vite/deps/vue.runtime.esm-bundler-LIjBEkZB.js?v=cb8cf32c:1726
[ 1278605ms] [WARNING] [Vue warn]: Property "summaryProductName" was accessed during render but is not defined on instance. 
  at <ElOnlyChild key=0 class="el-tooltip__trigger" aria-controls=undefined  ... > 
  at <ElPopperTrigger id="el-id-7478-25" virtual-ref=undefined open=false  ... > 
  at <ElTooltipTrigger disabled=false trigger="hover" trigger-keys= [Enter, NumpadEnter, Space]  ... > 
  at <ElPopper ref_key="popperRef" ref=Ref< Proxy(Object) > role="tooltip" > 
  at <ElTooltip content=undefined placement="top" > 
  at <ElCard class="overview-card" shadow="hover" > 
  at <BatchDetailView onVnodeUnmounted=fn<onVnodeUnmounted> ref=Ref< Proxy(Object) > > 
  at <RouterView> 
  at <AdminLayout onVnodeUnmounted=fn<onVnodeUnmounted> ref=Ref< Proxy(Object) > > 
  at <RouterView> 
  at <App> @ http://127.0.0.1:5174/node_modules/.vite/deps/vue.runtime.esm-bundler-LIjBEkZB.js?v=cb8cf32c:1726
[ 1278606ms] [WARNING] [Vue warn]: Property "summaryCompanyName" was accessed during render but is not defined on instance. 
  at <ElOnlyChild key=0 class="el-tooltip__trigger" aria-controls=undefined  ... > 
  at <ElPopperTrigger id="el-id-7478-26" virtual-ref=undefined open=false  ... > 
  at <ElTooltipTrigger disabled=false trigger="hover" trigger-keys= [Enter, NumpadEnter, Space]  ... > 
  at <ElPopper ref_key="popperRef" ref=Ref< Proxy(Object) > role="tooltip" > 
  at <ElTooltip content=undefined placement="top" > 
  at <ElCard class="overview-card" shadow="hover" > 
  at <BatchDetailView onVnodeUnmounted=fn<onVnodeUnmounted> ref=Ref< Proxy(Object) > > 
  at <RouterView> 
  at <AdminLayout onVnodeUnmounted=fn<onVnodeUnmounted> ref=Ref< Proxy(Object) > > 
  at <RouterView> 
  at <App> @ http://127.0.0.1:5174/node_modules/.vite/deps/vue.runtime.esm-bundler-LIjBEkZB.js?v=cb8cf32c:1726
